==32328== Memcheck, a memory error detector
==32328== Copyright (C) 2002-2022, and GNU GPL'd, by Julian Seward et al.
==32328== Using Valgrind-3.20.0 and LibVEX; rerun with -h for copyright info
==32328== Command: ./push_swap 5\ 1\ 3 50
==32328== Parent PID: 11870
==32328== 
==32328== 
==32328== HEAP SUMMARY:
==32328==     in use at exit: 49 bytes in 5 blocks
==32328==   total heap usage: 29 allocs, 24 frees, 305 bytes allocated
==32328== 
==32328== 9 bytes in 4 blocks are still reachable in loss record 1 of 2
==32328==    at 0x4E050C5: malloc (vg_replace_malloc.c:393)
==32328==    by 0x40366D: ft_substr (in /home/aurel/Documents/CLionProjects/push_swap_final/push_swap)
==32328==    by 0x403404: ft_count_and_fill (in /home/aurel/Documents/CLionProjects/push_swap_final/push_swap)
==32328==    by 0x4035E5: ft_split (in /home/aurel/Documents/CLionProjects/push_swap_final/push_swap)
==32328==    by 0x402BF6: pars_mult_args (pars_utils.c:24)
==32328==    by 0x401227: init_str (push_swap.c:85)
==32328==    by 0x4012C1: push_swap (push_swap.c:102)
==32328==    by 0x4010A8: main (push_swap.c:119)
==32328== 
==32328== 40 bytes in 1 blocks are still reachable in loss record 2 of 2
==32328==    at 0x4E050C5: malloc (vg_replace_malloc.c:393)
==32328==    by 0x40301A: ft_calloc (in /home/aurel/Documents/CLionProjects/push_swap_final/push_swap)
==32328==    by 0x4035B2: ft_split (in /home/aurel/Documents/CLionProjects/push_swap_final/push_swap)
==32328==    by 0x402BF6: pars_mult_args (pars_utils.c:24)
==32328==    by 0x401227: init_str (push_swap.c:85)
==32328==    by 0x4012C1: push_swap (push_swap.c:102)
==32328==    by 0x4010A8: main (push_swap.c:119)
==32328== 
==32328== LEAK SUMMARY:
==32328==    definitely lost: 0 bytes in 0 blocks
==32328==    indirectly lost: 0 bytes in 0 blocks
==32328==      possibly lost: 0 bytes in 0 blocks
==32328==    still reachable: 49 bytes in 5 blocks
==32328==         suppressed: 0 bytes in 0 blocks
==32328== 
==32328== For lists of detected and suppressed errors, rerun with: -s
==32328== ERROR SUMMARY: 0 errors from 0 contexts (suppressed: 0 from 0)
