==16339== Memcheck, a memory error detector
==16339== Copyright (C) 2002-2022, and GNU GPL'd, by Julian Seward et al.
==16339== Using Valgrind-3.20.0-5147d671e4-20221024 and LibVEX; rerun with -h for copyright info
==16339== Command: ./push_swap
==16339== Parent PID: 16336
==16339== 
--16339-- 
--16339-- Valgrind options:
--16339--    --show-leak-kinds=all
--16339--    --leak-check=full
--16339--    --verbose
--16339--    --show-mismatched-frees=yes
--16339--    --read-var-info=yes
--16339--    --log-file=valgrind-out.log
--16339-- Contents of /proc/version:
--16339--   Linux version 6.1.11-200.fc37.x86_64 (mockbuild@bkernel02.iad2.fedoraproject.org) (gcc (GCC) 12.2.1 20221121 (Red Hat 12.2.1-4), GNU ld version 2.38-25.fc37) #1 SMP PREEMPT_DYNAMIC Thu Feb  9 19:20:24 UTC 2023
--16339-- 
--16339-- Arch and hwcaps: AMD64, LittleEndian, amd64-cx16-lzcnt-rdtscp-sse3-ssse3-avx-avx2-bmi-f16c-rdrand-rdseed
--16339-- Page sizes: currently 4096, max supported 4096
--16339-- Valgrind library directory: /snap/valgrind/142/usr/libexec/valgrind
--16339-- Reading syms from /home/aurel/Documents/CLionProjects/push_swap_final/push_swap
--16339-- Reading syms from /usr/lib64/ld-linux-x86-64.so.2
--16339-- Warning: cross-CU LIMITATION: some inlined fn names
--16339-- might be shown as UnknownInlinedFun
--16339-- warning: addVar: unknown size (buf)
--16339-- warning: addVar: unknown size (buf)
--16339-- warning: addVar: unknown size (loadcmds)
--16339-- warning: addVar: unknown size (loadcmds)
--16339-- warning: addVar: unknown size (loadcmds)
--16339-- warning: addVar: unknown size (loadcmds)
--16339-- warning: addVar: unknown size (loadcmds)
--16339-- warning: addVar: unknown size (loadcmds)
--16339-- warning: addVar: unknown size (loadcmds)
--16339-- warning: addVar: unknown size (loadcmds)
--16339-- Reading syms from /var/lib/snapd/snap/valgrind/142/usr/libexec/valgrind/memcheck-amd64-linux
--16339--    object doesn't have a dynamic symbol table
--16339-- Warning: inlined fn name without absori
--16339-- is shown as UnknownInlinedFun
--16339-- Scheduler: using generic scheduler lock implementation.
--16339-- Reading suppressions file: /snap/valgrind/142/usr/libexec/valgrind/default.supp
==16339== embedded gdbserver: reading from /tmp/vgdb-pipe-from-vgdb-to-16339-by-aurel-on-fedora-37
==16339== embedded gdbserver: writing to   /tmp/vgdb-pipe-to-vgdb-from-16339-by-aurel-on-fedora-37
==16339== embedded gdbserver: shared mem   /tmp/vgdb-pipe-shared-mem-vgdb-16339-by-aurel-on-fedora-37
==16339== 
==16339== TO CONTROL THIS PROCESS USING vgdb (which you probably
==16339== don't want to do, unless you know exactly what you're doing,
==16339== or are doing some strange experiment):
==16339==   /snap/valgrind/142/usr/libexec/valgrind/../../bin/vgdb --pid=16339 ...command...
==16339== 
==16339== TO DEBUG THIS PROCESS USING GDB: start GDB like this
==16339==   /path/to/gdb ./push_swap
==16339== and then give GDB the following command
==16339==   target remote | /snap/valgrind/142/usr/libexec/valgrind/../../bin/vgdb --pid=16339
==16339== --pid is optional if only one valgrind process is running
==16339== 
--16339-- REDIR: 0x4024a50 (ld-linux-x86-64.so.2:strlen) redirected to 0x581eb5de (vgPlain_amd64_linux_REDIR_FOR_strlen)
--16339-- REDIR: 0x4023200 (ld-linux-x86-64.so.2:index) redirected to 0x581eb5f8 (vgPlain_amd64_linux_REDIR_FOR_index)
--16339-- Reading syms from /var/lib/snapd/snap/valgrind/142/usr/libexec/valgrind/vgpreload_core-amd64-linux.so
--16339-- Reading syms from /var/lib/snapd/snap/valgrind/142/usr/libexec/valgrind/vgpreload_memcheck-amd64-linux.so
==16339== WARNING: new redirection conflicts with existing -- ignoring it
--16339--     old: 0x04024a50 (strlen              ) R-> (0000.0) 0x581eb5de vgPlain_amd64_linux_REDIR_FOR_strlen
--16339--     new: 0x04024a50 (strlen              ) R-> (2007.0) 0x04e0afb0 strlen
--16339-- REDIR: 0x4023430 (ld-linux-x86-64.so.2:strcmp) redirected to 0x4e0c1e0 (strcmp)
--16339-- REDIR: 0x4022650 (ld-linux-x86-64.so.2:mempcpy) redirected to 0x4e10400 (mempcpy)
--16339-- Reading syms from /usr/lib64/libc.so.6
==16339== Downloading debug info for /usr/lib64/libc.so.6...
--16339--   Considering /home/aurel/.cache/debuginfod_client/81daba31ee66dbd63efdc4252a872949d874d136/debuginfo ..
--16339--   .. CRC is valid
==16339== Successfully downloaded debug file for /usr/lib64/libc.so.6
==16339== WARNING: new redirection conflicts with existing -- ignoring it
--16339--     old: 0x04c9da30 (memalign            ) R-> (1011.0) 0x04e0a1f5 memalign
--16339--     new: 0x04c9da30 (memalign            ) R-> (1017.0) 0x04e0a1cb aligned_alloc
==16339== WARNING: new redirection conflicts with existing -- ignoring it
--16339--     old: 0x04c9da30 (memalign            ) R-> (1011.0) 0x04e0a1f5 memalign
--16339--     new: 0x04c9da30 (memalign            ) R-> (1017.0) 0x04e0a1a1 aligned_alloc
==16339== WARNING: new redirection conflicts with existing -- ignoring it
--16339--     old: 0x04c9da30 (memalign            ) R-> (1011.0) 0x04e0a1f5 memalign
--16339--     new: 0x04c9da30 (memalign            ) R-> (1017.0) 0x04e0a1cb aligned_alloc
==16339== WARNING: new redirection conflicts with existing -- ignoring it
--16339--     old: 0x04c9da30 (memalign            ) R-> (1011.0) 0x04e0a1f5 memalign
--16339--     new: 0x04c9da30 (memalign            ) R-> (1017.0) 0x04e0a1a1 aligned_alloc
--16339-- REDIR: 0x4024bf0 (ld-linux-x86-64.so.2:strncmp) redirected to 0x4e0b870 (strncmp)
--16339-- REDIR: 0x4ca3b90 (libc.so.6:strnlen) redirected to 0x4a006e8 (_vgnU_ifunc_wrapper)
--16339-- REDIR: 0x4ca3c20 (libc.so.6:strpbrk) redirected to 0x4a006e8 (_vgnU_ifunc_wrapper)
--16339-- REDIR: 0x4ca1cd0 (libc.so.6:strcmp) redirected to 0x4a006e8 (_vgnU_ifunc_wrapper)
--16339-- REDIR: 0x4cb6e30 (libc.so.6:wcsnlen) redirected to 0x4a006e8 (_vgnU_ifunc_wrapper)
--16339-- REDIR: 0x4ca0df0 (libc.so.6:memset) redirected to 0x4a006e8 (_vgnU_ifunc_wrapper)
--16339-- REDIR: 0x4cb56b0 (libc.so.6:wcslen) redirected to 0x4a006e8 (_vgnU_ifunc_wrapper)
--16339-- REDIR: 0x4ca03e0 (libc.so.6:memcpy@@GLIBC_2.14) redirected to 0x4a006e8 (_vgnU_ifunc_wrapper)
--16339-- REDIR: 0x4cb54c0 (libc.so.6:wcschr) redirected to 0x4a006e8 (_vgnU_ifunc_wrapper)
--16339-- REDIR: 0x4ca1bc0 (libc.so.6:index) redirected to 0x4a006e8 (_vgnU_ifunc_wrapper)
--16339-- REDIR: 0x4ca3c50 (libc.so.6:rindex) redirected to 0x4a006e8 (_vgnU_ifunc_wrapper)
--16339-- REDIR: 0x4cb5550 (libc.so.6:wcscmp) redirected to 0x4a006e8 (_vgnU_ifunc_wrapper)
--16339-- REDIR: 0x4ca1040 (libc.so.6:stpncpy) redirected to 0x4a006e8 (_vgnU_ifunc_wrapper)
--16339-- REDIR: 0x4cb5b00 (libc.so.6:wmemchr) redirected to 0x4a006e8 (_vgnU_ifunc_wrapper)
--16339-- REDIR: 0x4ca3a30 (libc.so.6:strncmp) redirected to 0x4a006e8 (_vgnU_ifunc_wrapper)
--16339-- REDIR: 0x4ca10b0 (libc.so.6:strcasecmp) redirected to 0x4a006e8 (_vgnU_ifunc_wrapper)
--16339-- REDIR: 0x4ca2f40 (libc.so.6:strcspn) redirected to 0x4a006e8 (_vgnU_ifunc_wrapper)
--16339-- REDIR: 0x4cb55e0 (libc.so.6:wcscpy) redirected to 0x4a006e8 (_vgnU_ifunc_wrapper)
--16339-- REDIR: 0x4ca1b40 (libc.so.6:strcat) redirected to 0x4a006e8 (_vgnU_ifunc_wrapper)
--16339-- REDIR: 0x4ca3920 (libc.so.6:strncasecmp_l) redirected to 0x4a006e8 (_vgnU_ifunc_wrapper)
--16339-- REDIR: 0x4ca02e0 (libc.so.6:bcmp) redirected to 0x4a006e8 (_vgnU_ifunc_wrapper)
--16339-- REDIR: 0x4ca0d60 (libc.so.6:memrchr) redirected to 0x4a006e8 (_vgnU_ifunc_wrapper)
--16339-- REDIR: 0x4ca1c40 (libc.so.6:strchrnul) redirected to 0x4a006e8 (_vgnU_ifunc_wrapper)
--16339-- REDIR: 0x4ca2ec0 (libc.so.6:strcpy) redirected to 0x4a006e8 (_vgnU_ifunc_wrapper)
--16339-- REDIR: 0x4ca1150 (libc.so.6:strcasecmp_l) redirected to 0x4a006e8 (_vgnU_ifunc_wrapper)
--16339-- REDIR: 0x4ca37f0 (libc.so.6:strlen) redirected to 0x4a006e8 (_vgnU_ifunc_wrapper)
--16339-- REDIR: 0x4ca3ad0 (libc.so.6:strncpy) redirected to 0x4a006e8 (_vgnU_ifunc_wrapper)
--16339-- REDIR: 0x4ca0fc0 (libc.so.6:stpcpy) redirected to 0x4a006e8 (_vgnU_ifunc_wrapper)
--16339-- REDIR: 0x4ca0b20 (libc.so.6:memmove) redirected to 0x4a006e8 (_vgnU_ifunc_wrapper)
==16339== Preferring higher priority redirection:
--16339--     old: 0x04d54880 (__memcpy_avx_unalign) R-> (2018.0) 0x04e0d720 __memcpy_avx_unaligned_erms
--16339--     new: 0x04d54880 (__memcpy_avx_unalign) R-> (2018.1) 0x04e0f3e0 memmove
--16339-- REDIR: 0x4ca0250 (libc.so.6:memchr) redirected to 0x4a006e8 (_vgnU_ifunc_wrapper)
--16339-- REDIR: 0x4ca3e10 (libc.so.6:strspn) redirected to 0x4a006e8 (_vgnU_ifunc_wrapper)
--16339-- REDIR: 0x4ca0c40 (libc.so.6:mempcpy) redirected to 0x4a006e8 (_vgnU_ifunc_wrapper)
--16339-- REDIR: 0x4ca3880 (libc.so.6:strncasecmp) redirected to 0x4a006e8 (_vgnU_ifunc_wrapper)
--16339-- REDIR: 0x4ca0ef0 (libc.so.6:rawmemchr) redirected to 0x4a006e8 (_vgnU_ifunc_wrapper)
--16339-- REDIR: 0x4d5a970 (libc.so.6:__strrchr_avx2) redirected to 0x4e0a930 (rindex)
--16339-- REDIR: 0x4c9d2f0 (libc.so.6:free) redirected to 0x4e07941 (free)
==16339== 
==16339== HEAP SUMMARY:
==16339==     in use at exit: 0 bytes in 0 blocks
==16339==   total heap usage: 0 allocs, 0 frees, 0 bytes allocated
==16339== 
==16339== All heap blocks were freed -- no leaks are possible
==16339== 
==16339== ERROR SUMMARY: 0 errors from 0 contexts (suppressed: 0 from 0)
